
原文长度： 837
[227, 128, 138, 233, 135, 145, 229, 129, 182, 229, 131, 143, 232, 176, 156, 230, 161, 136, 227, 128, 139, 239, 188, 140, 229, 142, 159, 229, 144, 141, 227, 128, 138, 84, 104, 101, 32, 67, 97, 115, 101, 32, 111, 102, 32, 116, 104, 101, 32, 71, 111, 108, 100, 101, 110, 32, 73, 100, 111, 108, 227, 128, 139, 239, 188, 140, 230, 152, 175, 231, 148, 177, 67, 111, 108, 111, 114, 32, 71, 114, 97, 121, 32, 71, 97, 109, 101, 115, 229, 188, 128, 229, 143, 145, 231, 154, 132, 228, 184, 128, 230, 172, 190, 230, 142, 168, 231, 144, 134, 230, 184, 184, 230, 136, 143, 227, 128, 130, 232, 175, 165, 229, 183, 165, 228, 189, 156, 229, 174, 164, 229, 183, 178, 231, 187, 143, 230, 142, 168, 229, 135, 186, 229, 133, 182, 231, 187, 173, 228, 189, 156, 227, 128, 138, 233, 135, 145, 229, 129, 182, 229, 131, 143, 229, 180, 155, 232, 181, 183, 227, 128, 139, 239, 188, 140, 230, 156, 128, 232, 191, 145, 230, 142, 168, 229, 135, 186, 100, 108, 99, 239, 188, 140, 228, 184, 164, 230, 172, 190, 230, 184, 184, 230, 136, 143, 233, 131, 189, 230, 152, 175, 53, 230, 138, 152, 230, 150, 176, 229, 143, 178, 228, 189, 142, 227, 128, 130, 227, 128, 138, 233, 135, 145, 229, 129, 182, 229, 131, 143, 232, 176, 156, 230, 161, 136, 227, 128, 139, 230, 156, 172, 228, 189, 147, 232, 174, 178, 232, 191, 176, 228, 186, 134, 49, 50, 228, 184, 170, 229, 143, 145, 231, 148, 159, 229, 156, 168, 49, 56, 228, 184, 150, 231, 186, 170, 239, 188, 140, 229, 137, 141, 229, 144, 142, 232, 183, 168, 232, 182, 138, 53, 48, 229, 185, 180, 231, 154, 132, 230, 173, 187, 228, 186, 161, 230, 161, 136, 228, 187, 182, 239, 188, 140, 232, 191, 153, 228, 186, 155, 230, 161, 136, 228, 187, 182, 233, 131, 189, 228, 184, 142, 228, 187, 142, 229, 188, 130, 229, 155, 189, 232, 128, 140, 230, 157, 165, 231, 154, 132, 233, 135, 145, 229, 129, 182, 229, 131, 143, 230, 156, 137, 231, 157, 128, 229, 175, 134, 228, 184, 141, 229, 143, 175, 229, 136, 134, 231, 154, 132, 229, 133, 179, 231, 179, 187, 239, 188, 140, 230, 161, 136, 228, 187, 182, 233, 128, 144, 230, 173, 165, 230, 183, 177, 229, 140, 150, 239, 188, 140, 230, 156, 128, 229, 144, 142, 228, 184, 138, 229, 141, 135, 232, 135, 179, 230, 148, 191, 230, 178, 187, 229, 177, 130, 233, 157, 162, 227, 128, 130, 227, 128, 138, 233, 135, 145, 229, 129, 182, 229, 131, 143, 232, 176, 156, 230, 161, 136, 227, 128, 139, 231, 154, 132, 228, 184, 164, 228, 184, 170, 100, 108, 99, 227, 128, 138, 229, 133, 176, 229, 141, 161, 231, 154, 132, 232, 156, 152, 232, 155, 155, 227, 128, 139, 227, 128, 138, 233, 135, 140, 232, 142, 171, 229, 136, 169, 228, 186, 154, 229, 144, 184, 232, 161, 128, 233, 172, 188, 227, 128, 139, 232, 161, 165, 229, 133, 168, 228, 186, 134, 230, 156, 172, 228, 189, 147, 231, 154, 132, 229, 137, 167, 230, 131, 133, 239, 188, 140, 231, 155, 184, 229, 189, 147, 228, 186, 142, 230, 156, 172, 228, 189, 147, 231, 154, 132, 229, 137, 141, 228, 188, 160, 239, 188, 140, 228, 189, 191, 229, 190, 151, 230, 156, 172, 228, 189, 156, 231, 154, 132, 229, 137, 167, 230, 131, 133, 229, 174, 140, 230, 136, 144, 233, 151, 173, 231, 142, 175, 227, 128, 130, 227, 128, 138, 233, 135, 145, 229, 129, 182, 229, 131, 143, 232, 176, 156, 230, 161, 136, 227, 128, 139, 231, 154, 132, 230, 142, 168, 231, 144, 134, 232, 191, 135, 231, 168, 139, 230, 152, 175, 232, 142, 183, 229, 143, 150, 228, 191, 161, 230, 129, 175, 231, 154, 132, 232, 191, 135, 231, 168, 139, 239, 188, 140, 231, 142, 169, 229, 174, 182, 229, 156, 168, 229, 155, 186, 229, 174, 154, 231, 154, 132, 229, 156, 186, 230, 153, 175, 233, 128, 154, 232, 191, 135, 228, 184, 142, 231, 137, 169, 228, 189, 147, 239, 188, 140, 228, 186, 186, 231, 137, 169, 228, 186, 146, 229, 138, 168, 232, 142, 183, 229, 143, 150, 228, 191, 161, 230, 129, 175, 239, 188, 140, 229, 164, 167, 233, 131, 168, 229, 136, 134, 228, 191, 161, 230, 129, 175, 228, 188, 154, 228, 187, 165, 229, 133, 179, 233, 148, 174, 232, 175, 141, 231, 154, 132, 229, 189, 162, 229, 188, 143, 229, 130, 168, 229, 173, 152, 239, 188, 140, 231, 148, 168, 228, 187, 165, 229, 161, 171, 229, 134, 153, 229, 141, 183, 232, 189, 180, 227, 128, 130, 227, 128, 138, 233, 135, 145, 229, 129, 182, 229, 131, 143, 232, 176, 156, 230, 161, 136, 227, 128, 139, 231, 154, 132, 231, 155, 174, 230, 160, 135, 229, 176, 177, 230, 152, 175, 229, 161, 171, 229, 134, 153, 229, 141, 183, 232, 189, 180, 239, 188, 140, 229, 141, 183, 232, 189, 180, 229, 164, 167, 228, 189, 147, 229, 143, 175, 228, 187, 165, 230, 166, 130, 230, 139, 172, 228, 184, 186, 229, 135, 160, 228, 184, 170, 233, 131, 168, 229, 136, 134, 239, 188, 154, 230, 161, 136, 228, 187, 182, 231, 187, 188, 232, 191, 176, 239, 188, 140, 228, 186, 186, 231, 137, 169, 232, 186, 171, 228, 187, 189, 239, 188, 140, 230, 161, 136, 230, 131, 133, 231, 155, 184, 229, 133, 179, 229, 134, 133, 229, 174, 185, 227, 128, 130, 229, 161, 171, 229, 134, 153, 231, 154, 132, 229, 134, 133, 229, 174, 185, 228, 184, 141, 229, 136, 134, 229, 133, 136, 229, 144, 142, 233, 161, 186, 229, 186, 143, 239, 188, 140, 232, 191, 153, 230, 132, 143, 229, 145, 179, 231, 157, 128, 231, 142, 169, 229, 174, 182, 229, 143, 175, 228, 187, 165, 230, 140, 137, 231, 133, 167, 228, 184, 170, 228, 186, 186, 230, 128, 157, 232, 128, 131, 230, 150, 185, 229, 188, 143, 232, 191, 155, 232, 161, 140, 230, 184, 184, 230, 136, 143, 227, 128, 130, 229, 189, 147, 228, 184, 128, 228, 184, 170, 233, 131, 168, 229, 136, 134, 231, 154, 132, 230, 137, 128, 230, 156, 137, 231, 169, 186, 231, 153, 189, 233, 131, 189, 232, 162, 171, 229, 161, 171, 229, 134, 153, 229, 144, 142, 239, 188, 140, 230, 184, 184, 230, 136, 143, 228, 188, 154, 230, 143, 144, 231, 164, 186, 229, 189, 147, 229, 137, 141, 233, 131, 168, 229, 136, 134, 230, 152, 175, 229, 144, 166, 229, 173, 152, 229, 156, 168, 233, 148, 153, 232, 175, 175, 239, 188, 140, 229, 136, 134, 229, 136, 171, 228, 184, 186, 239, 188, 154, 229, 141, 183, 232, 189, 180, 229, 161, 171, 229, 134, 153, 229, 173, 152, 229, 156, 168, 233, 148, 153, 232, 175, 175, 229, 146, 140, 229, 141, 183, 232, 189, 180, 229, 161, 171, 229, 134, 153, 229, 173, 152, 229, 156, 168, 232, 135, 179, 229, 164, 154, 228, 184, 164, 228, 184, 170, 233, 148, 153, 232, 175, 175, 239, 188, 140, 231, 142, 169, 229, 174, 182, 229, 143, 175, 228, 187, 165, 230, 160, 185, 230, 141, 174, 230, 143, 144, 231, 164, 186, 229, 174, 140, 229, 150, 132, 230, 142, 168, 231, 144, 134, 229, 134, 133, 229, 174, 185, 239, 188, 140, 229, 144, 140, 230, 151, 182, 239, 188, 140, 230, 184, 184, 230, 136, 143, 232, 191, 152, 230, 156, 137, 230, 143, 144, 231, 164, 186, 231, 179, 187, 231, 187, 159, 239, 188, 140, 229, 143, 175, 228, 187, 165, 232, 191, 155, 228, 184, 128, 230, 173, 165, 231, 174, 128, 229, 140, 150, 229, 134, 133, 229, 174, 185, 227, 128, 130, 227, 128, 138, 233, 135, 145, 229, 129, 182, 229, 131, 143, 232, 176, 156, 230, 161, 136, 227, 128, 139, 231, 154, 132, 230, 184, 184, 230, 136, 143, 230, 150, 185, 229, 188, 143, 231, 174, 128, 229, 140, 150, 228, 186, 134, 230, 173, 163, 229, 184, 184, 230, 142, 168, 231, 144, 134, 230, 184, 184, 230, 136, 143, 228, 184, 173, 231, 142, 169, 229, 174, 182, 232, 142, 183, 229, 143, 150, 228, 191, 161, 230, 129, 175, 231, 154, 132, 232, 191, 135, 231, 168, 139, 239, 188, 140, 228, 187, 133, 233, 156, 128, 229, 174, 140, 229, 133, 168, 230, 181, 143, 232, 167, 136, 229, 174, 140, 229, 156, 186, 230, 153, 175, 228, 191, 161, 230, 129, 175, 229, 176, 177, 229, 143, 175, 228, 187, 165, 229, 190, 151, 229, 136, 176, 229, 133, 168, 233, 131, 168, 229, 133, 179, 233, 148, 174, 232, 175, 141, 227, 128, 130, 227, 128, 138, 233, 135, 145, 229, 129, 182, 229, 131, 143, 232, 176, 156, 230, 161, 136, 227, 128, 139, 231, 154, 132, 230, 142, 168, 231, 144, 134, 232, 191, 135, 231, 168, 139, 228, 184, 142, 227, 128, 138, 229, 165, 165, 228, 188, 175, 230, 139, 137, 228, 184, 129, 231, 154, 132, 229, 155, 158, 229, 189, 146, 227, 128, 139, 230, 156, 137, 231, 155, 184, 228, 188, 188, 228, 185, 139, 229, 164, 132, 239, 188, 140, 233, 131, 189, 230, 152, 175, 229, 156, 168, 229, 155, 186, 229, 174, 154, 231, 154, 132, 229, 156, 186, 230, 153, 175, 228, 185, 139, 228, 184, 173, 230, 144, 156, 229, 175, 187, 228, 191, 161, 230, 129, 175, 239, 188, 140, 229, 185, 182, 228, 184, 148, 229, 161, 171, 229, 134, 153, 231, 154, 132, 229, 134, 133, 229, 174, 185, 230, 156, 172, 232, 186, 171, 229, 184, 166, 230, 156, 137, 228, 184, 128, 229, 174, 154, 231, 154, 132, 230, 143, 144, 231, 164, 186, 227, 128, 130, 227, 128, 138, 233, 135, 145, 229, 129, 182, 229, 131, 143, 232, 176, 156, 230, 161, 136, 227, 128, 139, 231, 154, 132, 228, 191, 161, 230, 129, 175, 232, 142, 183, 229, 143, 150, 233, 153, 164, 229, 188, 128, 229, 143, 175, 228, 187, 165, 226, 128, 156, 230, 148, 182, 229, 136, 176, 232, 131, 140, 229, 140, 133, 226, 128, 157, 228, 184, 173, 231, 154, 132, 229, 133, 179, 233, 148, 174, 232, 175, 141, 229, 164, 150, 239, 188, 140, 229, 156, 186, 230, 153, 175, 227, 128, 129, 228, 186, 186, 231, 137, 169, 227, 128, 129, 231, 137, 169, 228, 187, 182, 230, 156, 172, 232, 186, 171, 228, 185, 159, 229, 184, 166, 230, 156, 137, 231, 186, 191, 231, 180, 162, 239, 188, 140, 232, 191, 153, 228, 189, 191, 229, 190, 151, 227, 128, 138, 233, 135, 145, 229, 129, 182, 229, 131, 143, 232, 176, 156, 230, 161, 136, 227, 128, 139, 233, 128, 187, 232, 190, 145, 230, 155, 180, 229, 138, 160, 229, 174, 140, 229, 164, 135, 227, 128, 130, 230, 173, 164, 229, 164, 150, 239, 188, 140, 229, 156, 168, 230, 184, 184, 230, 136, 143, 232, 191, 135, 231, 168, 139, 228, 184, 173, 239, 188, 140, 229, 189, 147, 228, 189, 160, 229, 161, 171, 229, 134, 153, 56, 48, 37, 231, 154, 132, 229, 134, 133, 229, 174, 185, 229, 144, 142, 239, 188, 140, 229, 166, 130, 230, 158, 156, 230, 178, 161, 230, 156, 137, 232, 191, 155, 228, 184, 128, 230, 173, 165, 231, 154, 132, 230, 128, 157, 232, 183, 175, 239, 188, 140, 229, 143, 175, 228, 187, 165, 233, 135, 135, 231, 148, 168, 230, 158, 154, 228, 184, 190, 230, 179, 149, 232, 175, 149, 229, 135, 186, 231, 173, 148, 230, 161, 136, 239, 188, 140, 228, 185, 139, 229, 144, 142, 229, 143, 175, 228, 187, 165, 229, 134, 141, 229, 142, 187, 231, 144, 134, 230, 184, 133, 230, 128, 157, 232, 183, 175, 227, 128, 130, 229, 156, 168, 230, 184, 184, 231, 142, 169, 232, 191, 135, 231, 168, 139, 228, 184, 173, 239, 188, 140, 231, 142, 169, 229, 174, 182, 233, 157, 162, 228, 184, 180, 231, 154, 132, 230, 156, 128, 229, 164, 167, 233, 151, 174, 233, 162, 152, 229, 143, 175, 232, 131, 189, 230, 152, 175, 228, 186, 186, 229, 144, 141, 231, 154, 132, 232, 174, 176, 229, 191, 134, 239, 188, 140, 229, 164, 167, 233, 135, 143, 228, 186, 186, 229, 144, 141, 233, 157, 158, 229, 184, 184, 229, 174, 185, 230, 152, 147, 232, 174, 176, 228, 184, 141, 230, 184, 133, 239, 188, 140, 229, 143, 175, 232, 131, 189, 228, 188, 154, 233, 156, 128, 232, 166, 129, 229, 143, 141, 229, 164, 141, 231, 161, 174, 232, 174, 164, 227, 128, 130, 228, 184, 141, 232, 191, 135, 227, 128, 138, 233, 135, 145, 229, 129, 182, 229, 131, 143, 232, 176, 156, 230, 161, 136, 227, 128, 139, 231, 154, 132, 230, 184, 184, 231, 142, 169, 230, 151, 182, 233, 149, 191, 229, 185, 182, 228, 184, 141, 233, 149, 191, 239, 188, 140, 230, 156, 172, 228, 189, 147, 229, 138, 160, 229, 133, 168, 100, 108, 99, 231, 154, 132, 230, 184, 184, 231, 142, 169, 230, 151, 182, 233, 149, 191, 229, 164, 167, 230, 166, 130, 229, 156, 168, 54, 229, 136, 176, 49, 48, 229, 176, 143, 230, 151, 182, 239, 188, 140, 229, 156, 168, 231, 142, 169, 229, 174, 182, 229, 175, 185, 228, 186, 186, 229, 144, 141, 228, 184, 142, 229, 164, 167, 229, 156, 186, 230, 153, 175, 232, 176, 131, 230, 159, 165, 230, 132, 159, 229, 136, 176, 229, 142, 140, 231, 131, 166, 228, 185, 139, 229, 137, 141, 239, 188, 140, 230, 184, 184, 230, 136, 143, 229, 183, 178, 231, 187, 143, 229, 176, 134, 229, 134, 133, 229, 174, 185, 232, 174, 178, 232, 191, 176, 229, 174, 140, 230, 175, 149, 227, 128, 130]
utf8编码后长度： 2381
============================================================
统计每个2元组出现次数： [((227, 128), 46), ((239, 188), 42), ((188, 140), 40), ((228, 184), 36), ((231, 154), 31), ((154, 132), 31), ((229, 174), 24), ((140, 229), 22), ((229, 143), 19), ((232, 191), 19), ((228, 187), 18), ((182, 229), 17), ((230, 156), 17), ((230, 161), 16), ((161, 136), 16), ((229, 134), 16), ((128, 138), 15), ((233, 135), 15), ((128, 139), 15), ((228, 186), 15), ((229, 156), 15), ((143, 232), 14), ((140, 230), 14), ((230, 184), 14), ((184, 184), 14), ((128, 130), 14), ((229, 144), 13), ((228, 189), 13), ((229, 136), 13), ((138, 233), 12), ((135, 145), 12), ((145, 229), 12), ((229, 129), 12), ((129, 182), 12), ((229, 131), 12), ((131, 143), 12), ((156, 230), 12), ((229, 133), 12), ((132, 229), 12), ((229, 164), 12), ((175, 228), 12), ((232, 176), 11), ((132, 230), 11), ((143, 175), 11), ((171, 229), 11), ((176, 156), 10), ((136, 227), 10), ((184, 230), 10), ((230, 136), 10), ((168, 229), 10), ((186, 229), 10), ((189, 147), 10), ((156, 168), 10), ((231, 142), 10), ((187, 165), 10), ((128, 229), 9), ((136, 143), 9), ((233, 131), 9), ((161, 230), 9), ((142, 169), 9), ((230, 152), 8), ((232, 175), 8), ((133, 229), 8), ((191, 135), 8), ((229, 161), 8), ((161, 171), 8), ((134, 153), 8), ((174, 185), 8), ((152, 175), 7), ((230, 142), 7), ((142, 168), 7), ((130, 227), 7), ((156, 172), 7), ((156, 137), 7), ((136, 134), 7), ((229, 141), 7), ((139, 231), 7), ((135, 231), 7), ((228, 191), 7), ((191, 161), 7), ((230, 129), 7), ((129, 175), 7), ((186, 186), 7), ((134, 133), 7), ((229, 188), 6), ((168, 231), 6), ((231, 144), 6), ((144, 134), 6), ((134, 230), 6), ((165, 229), 6), ((140, 228), 6), ((131, 189), 6), ((176, 229), 6), ((172, 228), 6), ((184, 170), 6), ((229, 137), 6), ((141, 229), 6), ((144, 142), 6), ((230, 173), 6), ((175, 229), 6), ((140, 231), 6), ((229, 189), 6), ((228, 188), 6), ((174, 140), 6), ((231, 168), 6), ((168, 139), 6), ((169, 229), 6), ((174, 182), 6), ((186, 230), 6), ((186, 231), 6), ((164, 167), 6), ((233, 148), 6), ((139, 239), 5), ((184, 128), 5), ((231, 187), 5), ((143, 229), 5), ((156, 128), 5), ((232, 174), 5), ((187, 182), 5), ((182, 233), 5), ((130, 229), 5), ((137, 231), 5), ((184, 141), 5), ((133, 179), 5), ((165, 230), 5), ((232, 142), 5), ((175, 232), 5), ((156, 186), 5), ((230, 153), 5), ((153, 175), 5), ((231, 137), 5), ((137, 169), 5), ((175, 239), 5), ((131, 168), 5), ((188, 154), 5), ((153, 229), 5), ((141, 183), 5), ((183, 232), 5), ((232, 189), 5), ((189, 180), 5), ((184, 173), 5), ((228, 185), 5), ((159, 229), 4), ((144, 141), 4), ((231, 148), 4), ((128, 230), 4), ((143, 230), 4), ((229, 135), 4), ((137, 141), 4), ((136, 228), 4), ((140, 232), 4), ((184, 142), 4), ((229, 155), 4), ((229, 140), 4), ((132, 232), 4), ((169, 228), 4), ((133, 168), 4), ((231, 155), 4), ((191, 229), 4), ((142, 183), 4), ((183, 229), 4), ((143, 150), 4), ((150, 228), 4), ((174, 232), 4), ((229, 173), 4), ((173, 152), 4), ((229, 176), 4), ((180, 229), 4), ((134, 229), 4), ((128, 157), 4), ((230, 143), 4), ((143, 144), 4), ((144, 231), 4), ((231, 164), 4), ((164, 186), 4), ((152, 229), 4), ((230, 151), 4), ((151, 182), 4), ((229, 184), 4), ((168, 230), 4), ((136, 176), 4), ((139, 228), 4), ((185, 139), 4), ((229, 142), 3), ((101, 32), 3), ((32, 71), 3), ((111, 108), 3), ((175, 231), 3), ((132, 228), 3), ((190, 230), 3), ((229, 183), 3), ((189, 156), 3), ((164, 229), 3), ((135, 186), 3), ((100, 108), 3), ((108, 99), 3), ((184, 164), 3), ((189, 230), 3), ((230, 150), 3), ((139, 230), 3), ((191, 176), 3), ((186, 134), 3), ((232, 183), 3), ((168, 232), 3), ((229, 185), 3), ((182, 239), 3), ((191, 153), 3), ((142, 229), 3), ((165, 231), 3), ((229, 175), 3), ((233, 128), 3), ((173, 165), 3), ((140, 150), 3), ((150, 239), 3), ((138, 229), 3), ((233, 157), 3), ((232, 161), 3), ((167, 230), 3), ((230, 131), 3), ((131, 133), 3), ((155, 184), 3), ((184, 229), 3), ((147, 228), 3), ((229, 190), 3), ((190, 151), 3), ((173, 231), 3), ((175, 227), 3), ((174, 154), 3), ((154, 231), 3), ((229, 138), 3), ((167, 233), 3), ((154, 228), 3), ((179, 233), 3), ((148, 174), 3), ((175, 141), 3), ((141, 231), 3), ((188, 143), 3), ((147, 229), 3), ((166, 130), 3), ((130, 230), 3), ((170, 233), 3), ((232, 186), 3), ((186, 171), 3), ((171, 228), 3), ((230, 128), 3), ((157, 232), 3), ((185, 229), 3), ((191, 155), 3), ((143, 228), 3), ((141, 233), 3), ((168, 233), 3), ((148, 153), 3), ((153, 232), 3), ((175, 175), 3), ((185, 230), 3), ((139, 229), 3), ((232, 131), 3), ((160, 229), 3), ((184, 231), 3), ((233, 149), 3), ((149, 191), 3), ((141, 227), 2), ((104, 101), 2), ((188, 128), 2), ((143, 145), 2), ((145, 231), 2), ((230, 172), 2), ((172, 190), 2), ((143, 227), 2), ((165, 228), 2), ((156, 229), 2), ((174, 164), 2), ((183, 178), 2), ((178, 231), 2), ((187, 143), 2), ((182, 231), 2), ((155, 232), 2), ((128, 232), 2), ((145, 230), 2), ((152, 230), 2), ((142, 227), 2), ((147, 232), 2), ((174, 178), 2), ((178, 232), 2), ((176, 228), 2), ((231, 186), 2), ((48, 229), 2), ((180, 231), 2), ((187, 228), 2), ((153, 228), 2), ((189, 228), 2), ((142, 228), 2), ((189, 232), 2), ((232, 128), 2), ((231, 157), 2), ((157, 128), 2), ((134, 228), 2), ((134, 231), 2), ((179, 231), 2), ((231, 179), 2), ((179, 187), 2), ((177, 229), 2), ((232, 135), 2), ((135, 179), 2), ((230, 148), 2), ((230, 178), 2), ((157, 162), 2), ((164, 228), 2), ((154, 229), 2), ((168, 228), 2), ((147, 231), 2), ((137, 167), 2), ((133, 239), 2), ((141, 228), 2), ((189, 191), 2), ((233, 151), 2), ((134, 232), 2), ((155, 186), 2), ((148, 168), 2), ((174, 230), 2), ((230, 160), 2), ((176, 177), 2), ((167, 228), 2), ((230, 166), 2), ((230, 139), 2), ((184, 186), 2), ((134, 239), 2), ((154, 230), 2), ((169, 232), 2), ((179, 229), 2), ((185, 227), 2), ((153, 231), 2), ((185, 228), 2), ((136, 229), 2), ((230, 132), 2), ((131, 230), 2), ((150, 185), 2), ((142, 239), 2), ((187, 231), 2), ((155, 228), 2), ((231, 174), 2), ((174, 128), 2), ((233, 156), 2), ((137, 228), 2), ((129, 231), 2), ((158, 229), 2), ((185, 182), 2), ((182, 228), 2), ((172, 232), 2), ((184, 166), 2), ((166, 230), 2), ((226, 128), 2), ((164, 150), 2), ((128, 129), 2), ((138, 160), 2), ((135, 227), 2), ((173, 239), 2), ((230, 158), 2), ((183, 175), 2), ((175, 149), 2), ((184, 133), 2), ((174, 176), 2), ((169, 230), 2), ((142, 159), 1), ((138, 84), 1), ((84, 104), 1), ((32, 67), 1), ((67, 97), 1), ((97, 115), 1), ((115, 101), 1), ((32, 111), 1), ((111, 102), 1), ((102, 32), 1), ((32, 116), 1), ((116, 104), 1), ((71, 111), 1), ((108, 100), 1), ((100, 101), 1), ((101, 110), 1), ((110, 32), 1), ((32, 73), 1), ((73, 100), 1), ((100, 111), 1), ((108, 227), 1), ((148, 177), 1), ((177, 67), 1), ((67, 111), 1), ((108, 111), 1), ((111, 114), 1), ((114, 32), 1), ((71, 114), 1), ((114, 97), 1), ((97, 121), 1), ((121, 32), 1), ((71, 97), 1), ((97, 109), 1), ((109, 101), 1), ((101, 115), 1), ((115, 229), 1), ((130, 232), 1), ((175, 165), 1), ((183, 165), 1), ((133, 182), 1), ((187, 173), 1), ((173, 228), 1), ((156, 227), 1), ((229, 180), 1), ((180, 155), 1), ((232, 181), 1), ((181, 183), 1), ((183, 227), 1), ((191, 145), 1), ((186, 100), 1), ((99, 239), 1), ((164, 230), 1), ((143, 233), 1), ((175, 53), 1), ((53, 230), 1), ((230, 138), 1), ((138, 152), 1), ((150, 176), 1), ((143, 178), 1), ((178, 228), 1), ((189, 142), 1), ((134, 49), 1), ((49, 50), 1), ((50, 228), 1), ((170, 229), 1), ((148, 159), 1), ((168, 49), 1), ((49, 56), 1), ((56, 228), 1), ((184, 150), 1), ((150, 231), 1), ((186, 170), 1), ((170, 239), 1), ((142, 232), 1), ((183, 168), 1), ((232, 182), 1), ((182, 138), 1), ((138, 53), 1), ((53, 48), 1), ((185, 180), 1), ((173, 187), 1), ((186, 161), 1), ((186, 155), 1), ((155, 230), 1), ((187, 142), 1), ((188, 130), 1), ((155, 189), 1), ((128, 140), 1), ((230, 157), 1), ((157, 165), 1), ((132, 233), 1), ((175, 134), 1), ((187, 239), 1), ((128, 144), 1), ((144, 230), 1), ((230, 183), 1), ((183, 177), 1), ((184, 138), 1), ((141, 135), 1), ((135, 232), 1), ((179, 230), 1), ((148, 191), 1), ((191, 230), 1), ((178, 187), 1), ((187, 229), 1), ((229, 177), 1), ((177, 130), 1), ((130, 233), 1), ((162, 227), 1), ((170, 100), 1), ((99, 227), 1), ((133, 176), 1), ((141, 161), 1), ((161, 231), 1), ((232, 156), 1), ((156, 152), 1), ((152, 232), 1), ((232, 155), 1), ((155, 155), 1), ((155, 227), 1), ((139, 227), 1), ((135, 140), 1), ((142, 171), 1), ((136, 169), 1), ((186, 154), 1), ((144, 184), 1), ((184, 232), 1), ((161, 128), 1), ((128, 233), 1), ((233, 172), 1), ((172, 188), 1), ((188, 227), 1), ((139, 232), 1), ((161, 165), 1), ((186, 142), 1), ((142, 230), 1), ((188, 160), 1), ((160, 239), 1), ((151, 230), 1), ((156, 231), 1), ((136, 144), 1), ((144, 233), 1), ((151, 173), 1), ((142, 175), 1), ((175, 233), 1), ((128, 154), 1), ((154, 232), 1), ((135, 228), 1), ((142, 231), 1), ((147, 239), 1), ((186, 146), 1), ((146, 229), 1), ((138, 168), 1), ((189, 162), 1), ((162, 229), 1), ((229, 130), 1), ((130, 168), 1), ((152, 239), 1), ((180, 227), 1), ((132, 231), 1), ((155, 174), 1), ((160, 135), 1), ((135, 229), 1), ((177, 230), 1), ((180, 239), 1), ((139, 172), 1), ((135, 160), 1), ((160, 228), 1), ((187, 188), 1), ((188, 232), 1), ((176, 239), 1), ((187, 189), 1), ((189, 239), 1), ((136, 230), 1), ((133, 231), 1), ((133, 136), 1), ((142, 233), 1), ((233, 161), 1), ((161, 186), 1), ((229, 186), 1), ((186, 143), 1), ((143, 239), 1), ((153, 230), 1), ((132, 143), 1), ((229, 145), 1), ((145, 179), 1), ((128, 231), 1), ((230, 140), 1), ((140, 137), 1), ((231, 133), 1), ((133, 167), 1), ((170, 228), 1), ((128, 131), 1), ((161, 140), 1), ((128, 228), 1), ((230, 137), 1), ((137, 128), 1), ((231, 169), 1), ((169, 186), 1), ((231, 153), 1), ((153, 189), 1), ((189, 233), 1), ((232, 162), 1), ((162, 171), 1), ((144, 166), 1), ((166, 229), 1), ((136, 171), 1), ((186, 239), 1), ((229, 146), 1), ((146, 140), 1), ((164, 154), 1), ((160, 185), 1), ((230, 141), 1), ((141, 174), 1), ((229, 150), 1), ((150, 132), 1), ((185, 239), 1), ((144, 140), 1), ((191, 152), 1), ((137, 230), 1), ((187, 159), 1), ((159, 239), 1), ((165, 232), 1), ((150, 229), 1), ((143, 231), 1), ((173, 163), 1), ((163, 229), 1), ((182, 232), 1), ((187, 133), 1), ((133, 233), 1), ((230, 181), 1), ((181, 143), 1), ((232, 167), 1), ((167, 136), 1), ((151, 229), 1), ((229, 165), 1), ((165, 165), 1), ((188, 175), 1), ((175, 230), 1), ((139, 137), 1), ((184, 129), 1), ((155, 158), 1), ((189, 146), 1), ((146, 227), 1), ((184, 228), 1), ((188, 188), 1), ((188, 228), 1), ((164, 132), 1), ((132, 239), 1), ((140, 233), 1), ((173, 230), 1), ((230, 144), 1), ((144, 156), 1), ((175, 187), 1), ((184, 148), 1), ((148, 229), 1), ((186, 227), 1), ((150, 233), 1), ((233, 153), 1), ((153, 164), 1), ((165, 226), 1), ((128, 156), 1), ((148, 182), 1), ((176, 232), 1), ((131, 140), 1), ((140, 133), 1), ((133, 226), 1), ((157, 228), 1), ((129, 228), 1), ((169, 227), 1), ((182, 230), 1), ((185, 159), 1), ((186, 191), 1), ((191, 231), 1), ((231, 180), 1), ((180, 162), 1), ((162, 239), 1), ((151, 227), 1), ((139, 233), 1), ((128, 187), 1), ((187, 232), 1), ((232, 190), 1), ((190, 145), 1), ((230, 155), 1), ((155, 180), 1), ((164, 135), 1), ((173, 164), 1), ((189, 160), 1), ((153, 56), 1), ((56, 48), 1), ((48, 37), 1), ((37, 231), 1), ((229, 166), 1), ((158, 156), 1), ((178, 161), 1), ((137, 232), 1), ((165, 233), 1), ((135, 135), 1), ((158, 154), 1), ((184, 190), 1), ((230, 179), 1), ((179, 149), 1), ((149, 232), 1), ((149, 229), 1), ((231, 173), 1), ((173, 148), 1), ((148, 230), 1), ((136, 239), 1), ((134, 141), 1), ((142, 187), 1), ((133, 230), 1), ((162, 228), 1), ((184, 180), 1), ((151, 174), 1), ((174, 233), 1), ((233, 162), 1), ((162, 152), 1), ((229, 191), 1), ((191, 134), 1), ((135, 143), 1), ((157, 158), 1), ((152, 147), 1), ((141, 230), 1), ((154, 233), 1), ((232, 166), 1), ((166, 129), 1), ((129, 229), 1), ((143, 141), 1), ((164, 141), 1), ((231, 161), 1), ((161, 174), 1), ((164, 227), 1), ((130, 228), 1), ((141, 232), 1), ((191, 239), 1), ((168, 100), 1), ((99, 231), 1), ((168, 54), 1), ((54, 229), 1), ((176, 49), 1), ((49, 48), 1), ((176, 143), 1), ((175, 185), 1), ((167, 229), 1), ((176, 131), 1), ((230, 159), 1), ((159, 165), 1), ((132, 159), 1), ((142, 140), 1), ((231, 131), 1), ((131, 166), 1), ((166, 228), 1), ((141, 239), 1), ((176, 134), 1), ((185, 232), 1), ((230, 175), 1), ((149, 227), 1)]
============================================================
把二元组 (227, 128) 替换为 256
把二元组 (239, 188) 替换为 257
把二元组 (257, 140) 替换为 258
把二元组 (228, 184) 替换为 259
把二元组 (231, 154) 替换为 260
把二元组 (260, 132) 替换为 261
把二元组 (229, 174) 替换为 262
把二元组 (229, 143) 替换为 263
把二元组 (232, 191) 替换为 264
把二元组 (228, 187) 替换为 265
把二元组 (230, 156) 替换为 266
把二元组 (230, 161) 替换为 267
把二元组 (267, 136) 替换为 268
把二元组 (229, 134) 替换为 269
把二元组 (256, 138) 替换为 270
把二元组 (233, 135) 替换为 271
把二元组 (182, 229) 替换为 272
把二元组 (256, 139) 替换为 273
把二元组 (228, 186) 替换为 274
把二元组 (230, 184) 替换为 275
把二元组 (256, 130) 替换为 276
把二元组 (229, 156) 替换为 277
把二元组 (229, 144) 替换为 278
把二元组 (228, 189) 替换为 279
把二元组 (270, 271) 替换为 280
把二元组 (145, 229) 替换为 281
把二元组 (281, 129) 替换为 282
把二元组 (282, 272) 替换为 283
把二元组 (283, 131) 替换为 284
把二元组 (284, 143) 替换为 285
把二元组 (275, 184) 替换为 286
把二元组 (229, 133) 替换为 287
把二元组 (229, 136) 替换为 288
把二元组 (229, 164) 替换为 289
把二元组 (280, 285) 替换为 290
把二元组 (232, 176) 替换为 291
把二元组 (263, 175) 替换为 292
把二元组 (290, 291) 替换为 293
把二元组 (293, 156) 替换为 294
把二元组 (294, 268) 替换为 295
把二元组 (295, 273) 替换为 296
把二元组 (230, 136) 替换为 297
把二元组 (231, 142) 替换为 298
把二元组 (265, 165) 替换为 299
把二元组 (286, 297) 替换为 300
把二元组 (300, 143) 替换为 301
把二元组 (233, 131) 替换为 302
把二元组 (277, 168) 替换为 303
把二元组 (298, 169) 替换为 304
把二元组 (230, 152) 替换为 305
把二元组 (232, 175) 替换为 306
把二元组 (133, 262) 替换为 307
把二元组 (264, 135) 替换为 308
把二元组 (229, 161) 替换为 309
把二元组 (309, 171) 替换为 310
把二元组 (310, 269) 替换为 311
把二元组 (311, 153) 替换为 312
把二元组 (292, 299) 替换为 313
把二元组 (305, 175) 替换为 314
把二元组 (230, 142) 替换为 315
把二元组 (315, 168) 替换为 316
把二元组 (276, 296) 替换为 317
把二元组 (266, 172) 替换为 318
把二元组 (266, 137) 替换为 319
把二元组 (288, 134) 替换为 320
把二元组 (229, 141) 替换为 321
把二元组 (228, 191) 替换为 322
把二元组 (322, 161) 替换为 323
把二元组 (323, 230) 替换为 324
把二元组 (324, 129) 替换为 325
把二元组 (325, 175) 替换为 326
把二元组 (274, 186) 替换为 327
把二元组 (269, 307) 替换为 328
把二元组 (328, 185) 替换为 329
把二元组 (229, 188) 替换为 330
把二元组 (231, 144) 替换为 331
把二元组 (331, 134) 替换为 332
把二元组 (279, 147) 替换为 333
把二元组 (259, 170) 替换为 334
把二元组 (229, 137) 替换为 335
把二元组 (278, 142) 替换为 336
把二元组 (230, 173) 替换为 337
把二元组 (317, 261) 替换为 338
把二元组 (229, 189) 替换为 339
把二元组 (228, 188) 替换为 340
把二元组 (308, 231) 替换为 341
把二元组 (341, 168) 替换为 342
把二元组 (342, 139) 替换为 343
把二元组 (304, 262) 替换为 344
把二元组 (289, 167) 替换为 345
把二元组 (233, 148) 替换为 346
把二元组 (259, 128) 替换为 347
把二元组 (316, 332) 替换为 348
把二元组 (231, 187) 替换为 349
把二元组 (232, 174) 替换为 350
把二元组 (265, 182) 替换为 351
把二元组 (259, 141) 替换为 352
把二元组 (287, 179) 替换为 353
把二元组 (232, 142) 替换为 354
把二元组 (277, 186) 替换为 355
把二元组 (355, 230) 替换为 356
把二元组 (356, 153) 替换为 357
把二元组 (357, 175) 替换为 358
把二元组 (231, 137) 替换为 359
把二元组 (359, 169) 替换为 360
把二元组 (302, 168) 替换为 361
把二元组 (321, 183) 替换为 362
把二元组 (362, 232) 替换为 363
把二元组 (363, 189) 替换为 364
把二元组 (364, 180) 替换为 365
把二元组 (262, 140) 替换为 366
把二元组 (259, 173) 替换为 367
把二元组 (228, 185) 替换为 368
把二元组 (278, 141) 替换为 369
把二元组 (231, 148) 替换为 370
把二元组 (229, 135) 替换为 371
把二元组 (302, 189) 替换为 372
把二元组 (318, 333) 替换为 373
把二元组 (335, 141) 替换为 374
把二元组 (268, 351) 替换为 375
把二元组 (259, 142) 替换为 376
把二元组 (229, 155) 替换为 377
把二元组 (319, 231) 替换为 378
把二元组 (229, 140) 替换为 379
把二元组 (287, 168) 替换为 380
把二元组 (339, 147) 替换为 381
把二元组 (354, 183) 替换为 382
把二元组 (382, 263) 替换为 383
把二元组 (383, 150) 替换为 384
把二元组 (361, 320) 替换为 385
把二元组 (229, 173) 替换为 386
把二元组 (386, 152) 替换为 387
把二元组 (229, 176) 替换为 388
把二元组 (344, 182) 替换为 389
把二元组 (128, 157) 替换为 390
把二元组 (230, 143) 替换为 391
把二元组 (391, 144) 替换为 392
把二元组 (392, 231) 替换为 393
把二元组 (393, 164) 替换为 394
把二元组 (394, 186) 替换为 395
把二元组 (230, 151) 替换为 396
把二元组 (396, 182) 替换为 397
把二元组 (229, 184) 替换为 398
把二元组 (368, 139) 替换为 399
把二元组 (258, 229) 替换为 400
把二元组 (101, 32) 替换为 401
把二元组 (111, 108) 替换为 402
把二元组 (229, 183) 替换为 403
把二元组 (279, 156) 替换为 404
把二元组 (371, 186) 替换为 405
把二元组 (266, 128) 替换为 406
把二元组 (100, 108) 替换为 407
把二元组 (407, 99) 替换为 408
把二元组 (259, 164) 替换为 409
把二元组 (230, 150) 替换为 410
把二元组 (264, 176) 替换为 411
把二元组 (274, 134) 替换为 412
把二元组 (232, 183) 替换为 413
把二元组 (258, 264) 替换为 414
把二元组 (414, 153) 替换为 415
把二元组 (233, 128) 替换为 416
把二元组 (337, 165) 替换为 417
把二元组 (379, 150) 替换为 418
把二元组 (233, 157) 替换为 419
把二元组 (232, 161) 替换为 420
把二元组 (230, 131) 替换为 421
把二元组 (231, 155) 替换为 422
把二元组 (191, 229) 替换为 423
把二元组 (190, 151) 替换为 424
把二元组 (384, 326) 替换为 425
把二元组 (262, 154) 替换为 426
把二元组 (426, 261) 替换为 427
把二元组 (327, 360) 替换为 428
把二元组 (229, 138) 替换为 429
把二元组 (340, 154) 替换为 430
把二元组 (353, 346) 替换为 431
把二元组 (431, 174) 替换为 432
把二元组 (432, 306) 替换为 433
把二元组 (433, 141) 替换为 434
把二元组 (330, 143) 替换为 435
把二元组 (313, 230) 替换为 436
把二元组 (166, 130) 替换为 437
把二元组 (232, 186) 替换为 438
把二元组 (438, 171) 替换为 439
把二元组 (261, 329) 替换为 440
把二元组 (230, 390) 替换为 441
把二元组 (264, 155) 替换为 442
把二元组 (258, 301) 替换为 443
把二元组 (387, 303) 替换为 444
把二元组 (346, 153) 替换为 445
把二元组 (445, 306) 替换为 446
把二元组 (446, 175) 替换为 447
把二元组 (288, 176) 替换为 448
把二元组 (232, 131) 替换为 449
把二元组 (286, 304) 替换为 450
把二元组 (327, 369) 替换为 451
把二元组 (233, 149) 替换为 452
把二元组 (104, 401) 替换为 453
把二元组 (273, 258) 替换为 454
把二元组 (32, 71) 替换为 455
把二元组 (330, 128) 替换为 456
把二元组 (263, 145) 替换为 457
把二元组 (230, 172) 替换为 458
把二元组 (458, 190) 替换为 459
把二元组 (348, 301) 替换为 460
把二元组 (403, 178) 替换为 461
把二元组 (461, 349) 替换为 462
把二元组 (462, 143) 替换为 463
把二元组 (316, 405) 替换为 464
把二元组 (372, 314) 替换为 465
把二元组 (350, 178) 替换为 466
把二元组 (466, 411) 替换为 467
把二元组 (180, 261) 替换为 468
把二元组 (232, 128) 替换为 469
把二元组 (157, 128) 替换为 470
把二元组 (229, 175) 替换为 471
把二元组 (231, 179) 替换为 472
把二元组 (472, 187) 替换为 473
把二元组 (232, 135) 替换为 474
把二元组 (474, 179) 替换为 475
把二元组 (230, 148) 替换为 476
把二元组 (230, 178) 替换为 477
把二元组 (419, 162) 替换为 478
把二元组 (409, 334) 替换为 479
把二元组 (373, 261) 替换为 480
把二元组 (335, 167) 替换为 481
把二元组 (481, 421) 替换为 482
把二元组 (133, 258) 替换为 483
把二元组 (422, 184) 替换为 484
把二元组 (279, 423) 替换为 485
把二元组 (485, 424) 替换为 486
把二元组 (233, 151) 替换为 487
把二元组 (338, 348) 替换为 488
把二元组 (488, 343) 替换为 489
把二元组 (425, 261) 替换为 490
把二元组 (490, 343) 替换为 491
把二元组 (491, 258) 替换为 492
把二元组 (344, 272) 替换为 493
把二元组 (377, 186) 替换为 494
把二元组 (494, 427) 替换为 495
把二元组 (495, 358) 替换为 496
把二元组 (258, 428) 替换为 497
把二元组 (258, 345) 替换为 498
把二元组 (370, 168) 替换为 499
把二元组 (312, 365) 替换为 500
把二元组 (388, 177) 替换为 501
把二元组 (437, 230) 替换为 502
把二元组 (259, 186) 替换为 503
把二元组 (334, 385) 替换为 504
把二元组 (257, 154) 替换为 505
把二元组 (312, 440) 替换为 506
把二元组 (230, 132) 替换为 507
把二元组 (389, 436) 替换为 508
把二元组 (410, 185) 替换为 509
把二元组 (509, 435) 替换为 510
把二元组 (444, 447) 替换为 511
把二元组 (365, 312) 替换为 512
把二元组 (258, 313) 替换为 513
把二元组 (442, 347) 替换为 514
把二元组 (514, 417) 替换为 515
把二元组 (231, 174) 替换为 516
把二元组 (516, 128) 替换为 517
把二元组 (517, 418) 替换为 518
把二元组 (398, 184) 替换为 519
把二元组 (233, 156) 替换为 520
把二元组 (520, 128) 替换为 521
把二元组 (185, 182) 替换为 522
把二元组 (318, 439) 替换为 523
把二元组 (398, 166) 替换为 524
把二元组 (289, 150) 替换为 525
把二元组 (525, 258) 替换为 526
把二元组 (256, 129) 替换为 527
把二元组 (429, 160) 替换为 528
把二元组 (343, 367) 替换为 529
把二元组 (529, 258) 替换为 530
把二元组 (441, 413) 替换为 531
把二元组 (531, 175) 替换为 532
把二元组 (229, 142) 替换为 533
把二元组 (292, 449) 替换为 534
把二元组 (534, 189) 替换为 535
把二元组 (350, 176) 替换为 536
把二元组 (261, 450) 替换为 537
把二元组 (537, 397) 替换为 538
把二元组 (538, 452) 替换为 539
把二元组 (296, 400) 替换为 540
把二元组 (540, 142) 替换为 541
把二元组 (541, 159) 替换为 542
把二元组 (542, 369) 替换为 543
把二元组 (543, 270) 替换为 544
把二元组 (544, 84) 替换为 545
把二元组 (545, 453) 替换为 546
把二元组 (546, 67) 替换为 547
把二元组 (547, 97) 替换为 548
把二元组 (548, 115) 替换为 549
把二元组 (549, 401) 替换为 550
把二元组 (550, 111) 替换为 551
把二元组 (551, 102) 替换为 552
把二元组 (552, 32) 替换为 553
把二元组 (553, 116) 替换为 554
把二元组 (554, 453) 替换为 555
把二元组 (555, 71) 替换为 556
把二元组 (556, 402) 替换为 557
把二元组 (557, 100) 替换为 558
把二元组 (558, 101) 替换为 559
把二元组 (559, 110) 替换为 560
把二元组 (560, 32) 替换为 561
把二元组 (561, 73) 替换为 562
把二元组 (562, 100) 替换为 563
把二元组 (563, 402) 替换为 564
把二元组 (564, 454) 替换为 565
把二元组 (565, 314) 替换为 566
把二元组 (566, 370) 替换为 567
把二元组 (567, 177) 替换为 568
把二元组 (568, 67) 替换为 569
把二元组 (569, 402) 替换为 570
把二元组 (570, 111) 替换为 571
把二元组 (571, 114) 替换为 572
把二元组 (572, 455) 替换为 573
把二元组 (573, 114) 替换为 574
把二元组 (574, 97) 替换为 575
把二元组 (575, 121) 替换为 576
把二元组 (576, 455) 替换为 577
把二元组 (577, 97) 替换为 578
把二元组 (578, 109) 替换为 579
把二元组 (579, 101) 替换为 580
把二元组 (580, 115) 替换为 581
把二元组 (581, 456) 替换为 582
把二元组 (582, 457) 替换为 583
把二元组 (583, 261) 替换为 584
把二元组 (584, 347) 替换为 585
把二元组 (585, 459) 替换为 586
把二元组 (586, 460) 替换为 587
把二元组 (587, 276) 替换为 588
把二元组 (588, 306) 替换为 589
把二元组 (589, 165) 替换为 590
把二元组 (590, 403) 替换为 591
把二元组 (591, 165) 替换为 592
把二元组 (592, 404) 替换为 593
把二元组 (593, 262) 替换为 594
把二元组 (594, 164) 替换为 595
把二元组 (595, 463) 替换为 596
把二元组 (596, 464) 替换为 597
把二元组 (597, 287) 替换为 598
把二元组 (598, 182) 替换为 599
把二元组 (599, 349) 替换为 600
把二元组 (600, 173) 替换为 601
把二元组 (601, 404) 替换为 602
把二元组 (602, 290) 替换为 603
把二元组 (603, 229) 替换为 604
把二元组 (604, 180) 替换为 605
把二元组 (605, 155) 替换为 606
把二元组 (606, 232) 替换为 607
把二元组 (607, 181) 替换为 608
把二元组 (608, 183) 替换为 609
把二元组 (609, 454) 替换为 610
把二元组 (610, 406) 替换为 611
把二元组 (611, 264) 替换为 612
把二元组 (612, 145) 替换为 613
把二元组 (613, 464) 替换为 614
把二元组 (614, 408) 替换为 615
把二元组 (615, 258) 替换为 616
把二元组 (616, 409) 替换为 617
把二元组 (617, 459) 替换为 618
把二元组 (618, 301) 替换为 619
把二元组 (619, 465) 替换为 620
把二元组 (620, 53) 替换为 621
把二元组 (621, 230) 替换为 622
把二元组 (622, 138) 替换为 623
把二元组 (623, 152) 替换为 624
把二元组 (624, 410) 替换为 625
把二元组 (625, 176) 替换为 626
把二元组 (626, 263) 替换为 627
把二元组 (627, 178) 替换为 628
把二元组 (628, 279) 替换为 629
把二元组 (629, 142) 替换为 630
把二元组 (630, 317) 替换为 631
把二元组 (631, 373) 替换为 632
把二元组 (632, 467) 替换为 633
把二元组 (633, 412) 替换为 634
把二元组 (634, 49) 替换为 635
把二元组 (635, 50) 替换为 636
把二元组 (636, 334) 替换为 637
把二元组 (637, 457) 替换为 638
把二元组 (638, 370) 替换为 639
把二元组 (639, 159) 替换为 640
把二元组 (640, 303) 替换为 641
把二元组 (641, 49) 替换为 642
把二元组 (642, 56) 替换为 643
把二元组 (643, 259) 替换为 644
把二元组 (644, 150) 替换为 645
把二元组 (645, 231) 替换为 646
把二元组 (646, 186) 替换为 647
把二元组 (647, 170) 替换为 648
把二元组 (648, 258) 替换为 649
把二元组 (649, 374) 替换为 650
把二元组 (650, 336) 替换为 651
把二元组 (651, 413) 替换为 652
把二元组 (652, 168) 替换为 653
把二元组 (653, 232) 替换为 654
把二元组 (654, 182) 替换为 655
把二元组 (655, 138) 替换为 656
把二元组 (656, 53) 替换为 657
把二元组 (657, 48) 替换为 658
把二元组 (658, 229) 替换为 659
把二元组 (659, 185) 替换为 660
把二元组 (660, 468) 替换为 661
把二元组 (661, 337) 替换为 662
把二元组 (662, 187) 替换为 663
把二元组 (663, 274) 替换为 664
把二元组 (664, 161) 替换为 665
把二元组 (665, 375) 替换为 666
把二元组 (666, 415) 替换为 667
把二元组 (667, 274) 替换为 668
把二元组 (668, 155) 替换为 669
把二元组 (669, 375) 替换为 670
把二元组 (670, 372) 替换为 671
把二元组 (671, 376) 替换为 672
把二元组 (672, 265) 替换为 673
把二元组 (673, 142) 替换为 674
把二元组 (674, 330) 替换为 675
把二元组 (675, 130) 替换为 676
把二元组 (676, 377) 替换为 677
把二元组 (677, 189) 替换为 678
把二元组 (678, 469) 替换为 679
把二元组 (679, 140) 替换为 680
把二元组 (680, 230) 替换为 681
把二元组 (681, 157) 替换为 682
把二元组 (682, 165) 替换为 683
把二元组 (683, 261) 替换为 684
把二元组 (684, 271) 替换为 685
把二元组 (685, 285) 替换为 686
把二元组 (686, 378) 替换为 687
把二元组 (687, 470) 替换为 688
把二元组 (688, 471) 替换为 689
把二元组 (689, 134) 替换为 690
把二元组 (690, 352) 替换为 691
把二元组 (691, 292) 替换为 692
把二元组 (692, 320) 替换为 693
把二元组 (693, 261) 替换为 694
把二元组 (694, 353) 替换为 695
把二元组 (695, 473) 替换为 696
把二元组 (696, 258) 替换为 697
把二元组 (697, 375) 替换为 698
把二元组 (698, 416) 替换为 699
把二元组 (699, 144) 替换为 700
把二元组 (700, 417) 替换为 701
把二元组 (701, 230) 替换为 702
把二元组 (702, 183) 替换为 703
把二元组 (703, 177) 替换为 704
把二元组 (704, 418) 替换为 705
把二元组 (705, 258) 替换为 706
把二元组 (706, 406) 替换为 707
把二元组 (707, 336) 替换为 708
把二元组 (708, 259) 替换为 709
把二元组 (709, 138) 替换为 710
把二元组 (710, 321) 替换为 711
把二元组 (711, 135) 替换为 712
把二元组 (712, 475) 替换为 713
把二元组 (713, 476) 替换为 714
把二元组 (714, 191) 替换为 715
把二元组 (715, 477) 替换为 716
把二元组 (716, 187) 替换为 717
把二元组 (717, 229) 替换为 718
把二元组 (718, 177) 替换为 719
把二元组 (719, 130) 替换为 720
把二元组 (720, 478) 替换为 721
把二元组 (721, 338) 替换为 722
把二元组 (722, 479) 替换为 723
把二元组 (723, 408) 替换为 724
把二元组 (724, 270) 替换为 725
把二元组 (725, 287) 替换为 726
把二元组 (726, 176) 替换为 727
把二元组 (727, 321) 替换为 728
把二元组 (728, 161) 替换为 729
把二元组 (729, 261) 替换为 730
把二元组 (730, 232) 替换为 731
把二元组 (731, 156) 替换为 732
把二元组 (732, 152) 替换为 733
把二元组 (733, 232) 替换为 734
把二元组 (734, 155) 替换为 735
把二元组 (735, 155) 替换为 736
把二元组 (736, 273) 替换为 737
把二元组 (737, 280) 替换为 738
把二元组 (738, 140) 替换为 739
把二元组 (739, 354) 替换为 740
把二元组 (740, 171) 替换为 741
把二元组 (741, 288) 替换为 742
把二元组 (742, 169) 替换为 743
把二元组 (743, 274) 替换为 744
把二元组 (744, 154) 替换为 745
把二元组 (745, 278) 替换为 746
把二元组 (746, 184) 替换为 747
把二元组 (747, 420) 替换为 748
把二元组 (748, 128) 替换为 749
把二元组 (749, 233) 替换为 750
把二元组 (750, 172) 替换为 751
把二元组 (751, 188) 替换为 752
把二元组 (752, 273) 替换为 753
把二元组 (753, 420) 替换为 754
把二元组 (754, 165) 替换为 755
把二元组 (755, 380) 替换为 756
把二元组 (756, 412) 替换为 757
把二元组 (757, 480) 替换为 758
把二元组 (758, 482) 替换为 759
把二元组 (759, 483) 替换为 760
把二元组 (760, 484) 替换为 761
把二元组 (761, 381) 替换为 762
把二元组 (762, 274) 替换为 763
把二元组 (763, 142) 替换为 764
把二元组 (764, 480) 替换为 765
把二元组 (765, 374) 替换为 766
把二元组 (766, 340) 替换为 767
把二元组 (767, 160) 替换为 768
把二元组 (768, 258) 替换为 769
把二元组 (769, 486) 替换为 770
把二元组 (770, 318) 替换为 771
把二元组 (771, 404) 替换为 772
把二元组 (772, 261) 替换为 773
把二元组 (773, 482) 替换为 774
把二元组 (774, 307) 替换为 775
把二元组 (775, 140) 替换为 776
把二元组 (776, 297) 替换为 777
把二元组 (777, 144) 替换为 778
把二元组 (778, 487) 替换为 779
把二元组 (779, 173) 替换为 780
把二元组 (780, 298) 替换为 781
把二元组 (781, 175) 替换为 782
把二元组 (782, 489) 替换为 783
把二元组 (783, 314) 替换为 784
把二元组 (784, 492) 替换为 785
把二元组 (785, 493) 替换为 786
把二元组 (786, 156) 替换为 787
把二元组 (787, 168) 替换为 788
把二元组 (788, 496) 替换为 789
把二元组 (789, 416) 替换为 790
把二元组 (790, 154) 替换为 791
把二元组 (791, 308) 替换为 792
把二元组 (792, 376) 替换为 793
把二元组 (793, 360) 替换为 794
把二元组 (794, 333) 替换为 795
把二元组 (795, 497) 替换为 796
把二元组 (796, 274) 替换为 797
把二元组 (797, 146) 替换为 798
把二元组 (798, 429) 替换为 799
---
原始tokens长度: 2381
bpe压缩后tokens长度: 486
压缩比率: 4.90X
========================================================================================================================
原文: 《金偶像谜案》的推理过程与《奥伯拉丁的回归》有相似之处，都是在固定的场景之中搜寻信息，并且填写的内容本身带有一定的提示。《金偶像谜案》的信息获取除开可以“收到背包”中的关键词外，场景、人物、物件本身也带有线索，这使得《金偶像谜案》逻辑更加完备。
encoded_tokens: [296, 261, 348, 343, 376, 270, 229, 165, 165, 340, 175, 230, 139, 137, 259, 129, 261, 377, 158, 339, 146, 273, 378, 155, 184, 340, 188, 399, 289, 132, 258, 465, 303, 496, 399, 367, 230, 144, 156, 471, 187, 326, 400, 522, 259, 148, 506, 523, 524, 319, 347, 427, 395, 338, 326, 384, 233, 153, 164, 456, 313, 226, 128, 156, 476, 272, 136, 176, 449, 140, 379, 133, 226, 390, 367, 261, 434, 526, 358, 527, 428, 527, 360, 351, 523, 368, 159, 524, 378, 186, 191, 231, 180, 162, 415, 486, 296, 416, 187, 232, 190, 145, 230, 155, 180, 528, 366, 289, 135, 276]
============================================================
encoded_tokens: [296, 261, 348, 343, 376, 270, 229, 165, 165, 340, 175, 230, 139, 137, 259, 129, 261, 377, 158, 339, 146, 273, 378, 155, 184, 340, 188, 399, 289, 132, 258, 465, 303, 496, 399, 367, 230, 144, 156, 471, 187, 326, 400, 522, 259, 148, 506, 523, 524, 319, 347, 427, 395, 338, 326, 384, 233, 153, 164, 456, 313, 226, 128, 156, 476, 272, 136, 176, 449, 140, 379, 133, 226, 390, 367, 261, 434, 526, 358, 527, 428, 527, 360, 351, 523, 368, 159, 524, 378, 186, 191, 231, 180, 162, 415, 486, 296, 416, 187, 232, 190, 145, 230, 155, 180, 528, 366, 289, 135, 276]
还原: 《金偶像谜案》的推理过程与《奥伯拉丁的回归》有相似之处，都是在固定的场景之中搜寻信息，并且填写的内容本身带有一定的提示。《金偶像谜案》的信息获取除开可以“收到背包”中的关键词外，场景、人物、物件本身也带有线索，这使得《金偶像谜案》逻辑更加完备。
============================================================
True

Process finished with exit code 0
